[debug] [2025-07-31T23:01:53.634Z] ----------------------------------------------------------------------
[debug] [2025-07-31T23:01:53.642Z] Command:       C:\Program Files\nodejs\node.exe C:\Users\shiva\AppData\Roaming\npm\node_modules\firebase-tools\lib\bin\firebase.js init
[debug] [2025-07-31T23:01:53.643Z] CLI Version:   14.11.1
[debug] [2025-07-31T23:01:53.643Z] Platform:      win32
[debug] [2025-07-31T23:01:53.643Z] Node Version:  v22.17.1
[debug] [2025-07-31T23:01:53.643Z] Time:          Fri Aug 01 2025 04:31:53 GMT+0530 (India Standard Time)
[debug] [2025-07-31T23:01:53.644Z] ----------------------------------------------------------------------
[debug] 
[debug] [2025-07-31T23:01:53.646Z] >>> [apiv2][query] GET https://firebase-public.firebaseio.com/cli.json [none]
[debug] [2025-07-31T23:01:53.711Z] > command requires scopes: ["email","openid","https://www.googleapis.com/auth/cloudplatformprojects.readonly","https://www.googleapis.com/auth/firebase","https://www.googleapis.com/auth/cloud-platform"]
[debug] [2025-07-31T23:01:53.711Z] > authorizing via signed-in user (kumarkissore0@gmail.com)
[info] 
     ######## #### ########  ######## ########     ###     ######  ########
     ##        ##  ##     ## ##       ##     ##  ##   ##  ##       ##
     ######    ##  ########  ######   ########  #########  ######  ######
     ##        ##  ##    ##  ##       ##     ## ##     ##       ## ##
     ##       #### ##     ## ######## ########  ##     ##  ######  ########

You're about to initialize a Firebase project in this directory:

  D:\focusly

[debug] [2025-07-31T23:01:54.892Z] <<< [apiv2][status] GET https://firebase-public.firebaseio.com/cli.json 200
[debug] [2025-07-31T23:01:54.893Z] <<< [apiv2][body] GET https://firebase-public.firebaseio.com/cli.json {"cloudBuildErrorAfter":1594252800000,"cloudBuildWarnAfter":1590019200000,"defaultNode10After":1594252800000,"minVersion":"3.0.5","node8DeploysDisabledAfter":1613390400000,"node8RuntimeDisabledAfter":1615809600000,"node8WarnAfter":1600128000000}
